<?xml version="1.0" encoding="UTF-8"?>
<testsuite xmlns:xsi="http://www.w3.org/2001/XMLSchema-instance" xsi:noNamespaceSchemaLocation="https://maven.apache.org/surefire/maven-surefire-plugin/xsd/surefire-test-report.xsd" name="coollime.sortingalgorithms.mergesort.MergeSortTest" time="0.01" tests="3" errors="0" skipped="0" failures="0">
  <properties>
[...]
</properties>
  <testcase name="shouldSortTheArray" classname="coollime.sortingalgorithms.mergesort.MergeSortTest" time="0"/>
  <testcase name="shouldNotSortTheArrayIfItIsEmpty" classname="coollime.sortingalgorithms.mergesort.MergeSortTest" time="0"/>
  <testcase name="shouldNotSortTheArrayIfItIsNull" classname="coollime.sortingalgorithms.mergesort.MergeSortTest" time="0"/>
</testsuite>